<?xml version="1.0" encoding="UTF-8"?>
<!-- Generated by org.testng.reporters.JUnitXMLReporter -->
<testsuite ignored="0" hostname="sunilr201-PC" failures="0" tests="3" name="edgetest" time="17.261" errors="0" timestamp="2025-09-08T19:12:49 IST">
  <testcase classname="testCases.TC_CreateDirectOpportunity" name="createDirectOpportunity" time="0.0">
    <skipped/>
  </testcase> <!-- createDirectOpportunity -->
  <testcase classname="testCases.TC_CreateDirectOpportunity" name="createDirectOpportunity" time="0.009">
    <skipped/>
  </testcase> <!-- createDirectOpportunity -->
  <testcase classname="testCases.TC_CreateDirectOpportunity" name="createDirectOpportunity" time="0.0">
    <skipped/>
  </testcase> <!-- createDirectOpportunity -->
</testsuite> <!-- edgetest -->
