<?xml version="1.0" encoding="UTF-8"?>
<!-- Generated by org.testng.reporters.JUnitXMLReporter -->
<testsuite ignored="0" hostname="sunilr201-PC" failures="0" tests="15" name="parallelexecutiontest" time="977.441" errors="0" timestamp="2025-09-17T12:41:29 IST">
  <testcase classname="testCases.TC_StorageGridConfig" name="createStorageGridConfig" time="0.04"/>
  <testcase classname="testCases.TC_SolidFireConfig" name="createSolidFireConfig" time="0.036"/>
  <testcase classname="testCases.TC_CreateIndirectOpportunity" name="createIndirectOpportunity" time="0.111"/>
  <testcase classname="testCases.TC_SolidFireConfig" name="createSolidFireConfig" time="0.017"/>
  <testcase classname="testCases.TC_CreateIndirectOpportunity" name="createIndirectOpportunity" time="0.013"/>
  <testcase classname="testCases.TC_StorageGridConfig" name="createStorageGridConfig" time="0.021"/>
  <testcase classname="testCases.TC_CreateDirectOpportunity" name="createDirectOpportunity" time="0.005"/>
  <testcase classname="testCases.TC_CreateDirectOpportunity" name="createDirectOpportunity" time="0.006"/>
  <testcase classname="testCases.TC_CreateDirectOpportunity" name="createDirectOpportunity" time="165.994"/>
  <testcase classname="testCases.TC_CreateIndirectOpportunity" name="createIndirectOpportunity" time="228.757"/>
  <testcase classname="testCases.TC_SolidFireConfig" name="createSolidFireConfig" time="270.836">
    <skipped/>
  </testcase> <!-- createSolidFireConfig -->
  <testcase classname="testCases.TC_StorageGridConfig" name="createStorageGridConfig" time="283.552">
    <skipped/>
  </testcase> <!-- createStorageGridConfig -->
  <testcase classname="testCases.TC_SolidFireConfig" name="createSolidFireConfig" time="329.325">
    <skipped/>
  </testcase> <!-- createSolidFireConfig -->
  <testcase classname="testCases.TC_StorageGridConfig" name="createStorageGridConfig" time="366.748"/>
  <testcase classname="testCases.TC_SolidFireConfig" name="createSolidFireConfig" time="357.309"/>
</testsuite> <!-- parallelexecutiontest -->
