<?xml version="1.0" encoding="UTF-8"?>
<!-- Generated by org.testng.reporters.JUnitXMLReporter -->
<testsuite ignored="0" hostname="sunilr201-PC" failures="0" tests="3" name="Test" time="530.789" errors="0" timestamp="2025-09-24T22:35:13 IST">
  <testcase classname="testCases_SolifFire.TC_SolidFireConfig" name="createSolidFireConfig" time="0.147"/>
  <testcase classname="testCases_SolifFire.TC_SolidFireConfig" name="createSolidFireConfig" time="0.016"/>
  <testcase classname="testCases_SolifFire.TC_SolidFireConfig" name="createSolidFireConfig" time="512.063"/>
</testsuite> <!-- Test -->
