<?xml version="1.0" encoding="UTF-8"?>
<!-- Generated by org.testng.reporters.JUnitXMLReporter -->
<testsuite ignored="0" hostname="sunilr201-PC" failures="0" tests="3" name="Test" time="37.425" errors="0" timestamp="2025-08-29T20:29:38 IST">
  <testcase classname="testCases.TC001_HappyPath" name="verifyHappyPath" time="0.095"/>
  <testcase classname="testCases.TC001_HappyPath" name="verifyHappyPath" time="0.015"/>
  <testcase classname="testCases.TC001_HappyPath" name="verifyHappyPath" time="16.299"/>
</testsuite> <!-- Test -->
