<?xml version="1.0" encoding="UTF-8"?>
<testng-results ignored="0" total="3" passed="3" failed="0" skipped="0">
  <reporter-output>
  </reporter-output>
  <suite started-at="2025-09-10T21:00:12 IST" name="Suite" finished-at="2025-09-10T21:00:59 IST" duration-ms="47062">
    <groups>
      <group name="Master">
        <method signature="TC_CreateDirectOpportunity.createDirectOpportunity(java.lang.String,java.lang.String,java.lang.String,java.lang.String,java.lang.String,java.lang.String,java.lang.String,java.lang.String,java.lang.String,java.lang.String,java.lang.String,java.lang.String,java.lang.String,java.lang.String,java.lang.String,java.lang.String)[pri:0, instance:testCases.TC_CreateDirectOpportunity@142269f2]" name="createDirectOpportunity" class="testCases.TC_CreateDirectOpportunity"/>
      </group> <!-- Master -->
      <group name="Smoke">
        <method signature="TC_CreateDirectOpportunity.createDirectOpportunity(java.lang.String,java.lang.String,java.lang.String,java.lang.String,java.lang.String,java.lang.String,java.lang.String,java.lang.String,java.lang.String,java.lang.String,java.lang.String,java.lang.String,java.lang.String,java.lang.String,java.lang.String,java.lang.String)[pri:0, instance:testCases.TC_CreateDirectOpportunity@142269f2]" name="createDirectOpportunity" class="testCases.TC_CreateDirectOpportunity"/>
      </group> <!-- Smoke -->
    </groups>
    <test started-at="2025-09-10T21:00:12 IST" name="Test" finished-at="2025-09-10T21:00:59 IST" duration-ms="47062">
      <class name="testCases.TC_CreateDirectOpportunity">
        <test-method is-config="true" signature="setup(java.lang.String,java.lang.String)[pri:0, instance:testCases.TC_CreateDirectOpportunity@142269f2]" started-at="2025-09-10T21:00:13 IST" name="setup" finished-at="2025-09-10T21:00:32 IST" duration-ms="18494" status="PASS">
          <params>
            <param index="0">
              <value>
                <![CDATA[Windows]]>
              </value>
            </param>
            <param index="1">
              <value>
                <![CDATA[chrome]]>
              </value>
            </param>
          </params>
          <reporter-output>
          </reporter-output>
        </test-method> <!-- setup -->
        <test-method signature="createDirectOpportunity(java.lang.String,java.lang.String,java.lang.String,java.lang.String,java.lang.String,java.lang.String,java.lang.String,java.lang.String,java.lang.String,java.lang.String,java.lang.String,java.lang.String,java.lang.String,java.lang.String,java.lang.String,java.lang.String)[pri:0, instance:testCases.TC_CreateDirectOpportunity@142269f2]" started-at="2025-09-10T21:00:35 IST" name="createDirectOpportunity" data-provider="DirectOpportunity_Create" finished-at="2025-09-10T21:00:35 IST" duration-ms="96" status="PASS">
          <params>
            <param index="0">
              <value is-null="true"/>
            </param>
            <param index="1">
              <value is-null="true"/>
            </param>
            <param index="2">
              <value is-null="true"/>
            </param>
            <param index="3">
              <value is-null="true"/>
            </param>
            <param index="4">
              <value is-null="true"/>
            </param>
            <param index="5">
              <value is-null="true"/>
            </param>
            <param index="6">
              <value is-null="true"/>
            </param>
            <param index="7">
              <value is-null="true"/>
            </param>
            <param index="8">
              <value is-null="true"/>
            </param>
            <param index="9">
              <value is-null="true"/>
            </param>
            <param index="10">
              <value is-null="true"/>
            </param>
            <param index="11">
              <value is-null="true"/>
            </param>
            <param index="12">
              <value is-null="true"/>
            </param>
            <param index="13">
              <value is-null="true"/>
            </param>
            <param index="14">
              <value is-null="true"/>
            </param>
            <param index="15">
              <value is-null="true"/>
            </param>
          </params>
          <reporter-output>
          </reporter-output>
        </test-method> <!-- createDirectOpportunity -->
        <test-method signature="createDirectOpportunity(java.lang.String,java.lang.String,java.lang.String,java.lang.String,java.lang.String,java.lang.String,java.lang.String,java.lang.String,java.lang.String,java.lang.String,java.lang.String,java.lang.String,java.lang.String,java.lang.String,java.lang.String,java.lang.String)[pri:0, instance:testCases.TC_CreateDirectOpportunity@142269f2]" started-at="2025-09-10T21:00:35 IST" name="createDirectOpportunity" data-provider="DirectOpportunity_Create" finished-at="2025-09-10T21:00:35 IST" duration-ms="7" status="PASS">
          <params>
            <param index="0">
              <value is-null="true"/>
            </param>
            <param index="1">
              <value is-null="true"/>
            </param>
            <param index="2">
              <value is-null="true"/>
            </param>
            <param index="3">
              <value is-null="true"/>
            </param>
            <param index="4">
              <value is-null="true"/>
            </param>
            <param index="5">
              <value is-null="true"/>
            </param>
            <param index="6">
              <value is-null="true"/>
            </param>
            <param index="7">
              <value is-null="true"/>
            </param>
            <param index="8">
              <value is-null="true"/>
            </param>
            <param index="9">
              <value is-null="true"/>
            </param>
            <param index="10">
              <value is-null="true"/>
            </param>
            <param index="11">
              <value is-null="true"/>
            </param>
            <param index="12">
              <value is-null="true"/>
            </param>
            <param index="13">
              <value is-null="true"/>
            </param>
            <param index="14">
              <value is-null="true"/>
            </param>
            <param index="15">
              <value is-null="true"/>
            </param>
          </params>
          <reporter-output>
          </reporter-output>
        </test-method> <!-- createDirectOpportunity -->
        <test-method signature="createDirectOpportunity(java.lang.String,java.lang.String,java.lang.String,java.lang.String,java.lang.String,java.lang.String,java.lang.String,java.lang.String,java.lang.String,java.lang.String,java.lang.String,java.lang.String,java.lang.String,java.lang.String,java.lang.String,java.lang.String)[pri:0, instance:testCases.TC_CreateDirectOpportunity@142269f2]" started-at="2025-09-10T21:00:35 IST" name="createDirectOpportunity" data-provider="DirectOpportunity_Create" finished-at="2025-09-10T21:00:58 IST" duration-ms="22802" status="PASS">
          <params>
            <param index="0">
              <value>
                <![CDATA[APPTESTMBOB4@netapp.com]]>
              </value>
            </param>
            <param index="1">
              <value>
                <![CDATA[Apple Inc.]]>
              </value>
            </param>
            <param index="2">
              <value>
                <![CDATA[Standard]]>
              </value>
            </param>
            <param index="3">
              <value>
                <![CDATA[Test Automation]]>
              </value>
            </param>
            <param index="4">
              <value>
                <![CDATA[Amit Jain]]>
              </value>
            </param>
            <param index="5">
              <value>
                <![CDATA[To be Determined During Qualify Sales Stage]]>
              </value>
            </param>
            <param index="6">
              <value>
                <![CDATA[Up-sell/Cross-sell]]>
              </value>
            </param>
            <param index="7">
              <value>
                <![CDATA[None]]>
              </value>
            </param>
            <param index="8">
              <value>
                <![CDATA[USD - U.S. Dollar]]>
              </value>
            </param>
            <param index="9">
              <value>
                <![CDATA[Direct]]>
              </value>
            </param>
            <param index="10">
              <value>
                <![CDATA[]]>
              </value>
            </param>
            <param index="11">
              <value>
                <![CDATA[]]>
              </value>
            </param>
            <param index="12">
              <value>
                <![CDATA[]]>
              </value>
            </param>
            <param index="13">
              <value>
                <![CDATA[]]>
              </value>
            </param>
            <param index="14">
              <value>
                <![CDATA[]]>
              </value>
            </param>
            <param index="15">
              <value>
                <![CDATA[]]>
              </value>
            </param>
          </params>
          <reporter-output>
          </reporter-output>
        </test-method> <!-- createDirectOpportunity -->
        <test-method is-config="true" signature="tearDown()[pri:0, instance:testCases.TC_CreateDirectOpportunity@142269f2]" started-at="2025-09-10T21:00:58 IST" name="tearDown" finished-at="2025-09-10T21:00:59 IST" duration-ms="1523" status="PASS">
          <reporter-output>
          </reporter-output>
        </test-method> <!-- tearDown -->
      </class> <!-- testCases.TC_CreateDirectOpportunity -->
    </test> <!-- Test -->
  </suite> <!-- Suite -->
</testng-results>
