<?xml version="1.0" encoding="UTF-8"?>
<testsuite xmlns:xsi="http://www.w3.org/2001/XMLSchema-instance" xsi:schemaLocation="https://maven.apache.org/surefire/maven-surefire-plugin/xsd/surefire-test-report.xsd" name="TestSuite" time="74.81" tests="3" errors="0" skipped="0" failures="0">
  <properties>
[...]
</properties>
  <testcase name="createDirectOpportunity" classname="testCases.TC_CreateDirectOpportunity" time="0.156"/>
  <testcase name="createDirectOpportunity" classname="testCases.TC_CreateDirectOpportunity" time="0.005"/>
  <testcase name="createDirectOpportunity" classname="testCases.TC_CreateDirectOpportunity" time="22.802"/>
</testsuite>