<?xml version="1.0" encoding="UTF-8"?>
<testsuite xmlns:xsi="http://www.w3.org/2001/XMLSchema-instance" xsi:noNamespaceSchemaLocation="https://maven.apache.org/surefire/maven-surefire-plugin/xsd/surefire-test-report-3.0.xsd" version="3.0" name="TestSuite" time="201.275" tests="1" errors="0" skipped="0" failures="0">
  <properties>
[...]
</properties>
  <testcase name="login_SFDC[APPTESTMBOB4@netapp.com, T2=k-_[Dc4B2z\Z/, Apple Estates, Standard, Test for Automation, Test test, To be Determined During Qualify Sales Stage](1)" classname="testCases.TC001_Login" time="193.892">
    <system-out><![CDATA[[DEBUG] 2024-12-06 21:52:53.883 [main] TestNG - suiteXmlPath: "C:\Users\sunilr2\eclipse-workspace\UCPQ_Automation\testng.xml"
[DEBUG] 2024-12-06 21:52:54.318 [main] WebDriverManager - Using WebDriverManager 5.9.2
[DEBUG] 2024-12-06 21:52:54.728 [main] ResolutionCache - Resolution chrome=131 in cache (valid until 22:22:07 06/12/2024 IST)
[DEBUG] 2024-12-06 21:52:54.729 [main] ResolutionCache - Resolution chrome131=131.0.6778.87 in cache (valid until 18:41:02 07/12/2024 IST)
[INFO ] 2024-12-06 21:52:54.730 [main] WebDriverManager - Using chromedriver 131.0.6778.87 (resolved driver for Chrome 131)
[DEBUG] 2024-12-06 21:52:54.775 [main] WebDriverManager - Driver chromedriver 131.0.6778.87 found in cache
[INFO ] 2024-12-06 21:52:54.777 [main] WebDriverManager - Exporting webdriver.chrome.driver as C:\Users\sunilr2\.cache\selenium\chromedriver\win64\131.0.6778.87\chromedriver.exe
[DEBUG] 2024-12-06 21:52:57.792 [main] PackageRelationshipCollection - Parsing relationship: /xl/_rels/workbook.xml.rels
[DEBUG] 2024-12-06 21:52:57.797 [main] PackageRelationshipCollection - Parsing relationship: /xl/worksheets/_rels/sheet1.xml.rels
[DEBUG] 2024-12-06 21:52:57.799 [main] PackageRelationshipCollection - Parsing relationship: /_rels/.rels
[INFO ] 2024-12-06 21:52:58.338 [main] BaseClass - Execution of Test Script Started
[INFO ] 2024-12-06 21:53:12.496 [main] BaseClass - Application URL entered
[INFO ] 2024-12-06 21:53:25.634 [main] BaseClass - Username entered
[INFO ] 2024-12-06 21:53:35.915 [main] BaseClass - Clicked on the Next button
[INFO ] 2024-12-06 21:53:36.189 [main] BaseClass - Password entered
[INFO ] 2024-12-06 21:53:42.791 [main] BaseClass - Clicked on Sign In button
[INFO ] 2024-12-06 21:53:49.354 [main] BaseClass - Clicked on Yes button
[INFO ] 2024-12-06 21:54:01.449 [main] BaseClass - SFDC Homepage loaded successfully
[INFO ] 2024-12-06 21:54:12.666 [main] BaseClass - Clicked on Opportunity tab
[INFO ] 2024-12-06 21:54:18.905 [main] BaseClass - Clicked on New Opportunity
[INFO ] 2024-12-06 21:54:43.526 [main] BaseClass - Searching Account
[INFO ] 2024-12-06 21:54:53.847 [main] BaseClass - Select searched account
[INFO ] 2024-12-06 21:55:03.991 [main] BaseClass - Clicked on Next button
[INFO ] 2024-12-06 21:55:14.201 [main] BaseClass - Selected Opportunity Type
[INFO ] 2024-12-06 21:55:21.703 [main] BaseClass - Entered Opportunity name
[INFO ] 2024-12-06 21:55:27.986 [main] BaseClass - Selected Primary contact
[INFO ] 2024-12-06 21:55:34.117 [main] BaseClass - Selected Sales Play
[INFO ] 2024-12-06 21:55:40.232 [main] BaseClass - Clicked on Next button
[INFO ] 2024-12-06 21:56:01.990 [main] BaseClass - clicked on logout button
[INFO ] 2024-12-06 21:56:12.002 [main] BaseClass - Finished executing test case
]]></system-out>
    <system-err><![CDATA[SLF4J: Class path contains multiple SLF4J bindings.
SLF4J: Found binding in [jar:file:/C:/Users/sunilr2/.m2/repository/org/apache/logging/log4j/log4j-slf4j-impl/2.23.1/log4j-slf4j-impl-2.23.1.jar!/org/slf4j/impl/StaticLoggerBinder.class]
SLF4J: Found binding in [jar:file:/C:/Users/sunilr2/.m2/repository/org/slf4j/slf4j-log4j12/1.7.5/slf4j-log4j12-1.7.5.jar!/org/slf4j/impl/StaticLoggerBinder.class]
SLF4J: See http://www.slf4j.org/codes.html#multiple_bindings for an explanation.
SLF4J: Actual binding is of type [org.apache.logging.slf4j.Log4jLoggerFactory]
Dec 06, 2024 9:52:56 PM org.openqa.selenium.devtools.CdpVersionFinder findNearestMatch
WARNING: Unable to find an exact match for CDP version 131, returning the closest version; found: 130; Please update to a Selenium version that supports CDP version 131
]]></system-err>
  </testcase>
</testsuite>