<?xml version="1.0" encoding="UTF-8"?>
<testng-results ignored="0" total="1" passed="1" failed="0" skipped="0">
  <reporter-output>
  </reporter-output>
  <suite started-at="2024-12-06T21:52:54 IST" name="Master Suite" finished-at="2024-12-06T21:56:13 IST" duration-ms="199616">
    <groups>
      <group name="regression">
        <method signature="TC001_Login.login_SFDC(java.lang.String,java.lang.String,java.lang.String,java.lang.String,java.lang.String,java.lang.String,java.lang.String)[pri:0, instance:testCases.TC001_Login@34f7234e]" name="login_SFDC" class="testCases.TC001_Login"/>
      </group> <!-- regression -->
    </groups>
    <test started-at="2024-12-06T21:52:54 IST" name="Test" finished-at="2024-12-06T21:56:13 IST" duration-ms="199616">
      <class name="testCases.TC001_Login">
        <test-method is-config="true" signature="setUp(java.lang.String,java.lang.String)[pri:0, instance:testCases.TC001_Login@34f7234e]" started-at="2024-12-06T21:52:54 IST" name="setUp" finished-at="2024-12-06T21:52:57 IST" duration-ms="3338" status="PASS">
          <params>
            <param index="0">
              <value>
                <![CDATA[windows]]>
              </value>
            </param>
            <param index="1">
              <value>
                <![CDATA[chrome]]>
              </value>
            </param>
          </params>
          <reporter-output>
          </reporter-output>
        </test-method> <!-- setUp -->
        <test-method signature="login_SFDC(java.lang.String,java.lang.String,java.lang.String,java.lang.String,java.lang.String,java.lang.String,java.lang.String)[pri:0, instance:testCases.TC001_Login@34f7234e]" started-at="2024-12-06T21:52:58 IST" name="login_SFDC" data-provider="excelData" finished-at="2024-12-06T21:56:12 IST" duration-ms="193687" status="PASS">
          <params>
            <param index="0">
              <value>
                <![CDATA[APPTESTMBOB4@netapp.com]]>
              </value>
            </param>
            <param index="1">
              <value>
                <![CDATA[T2=k-_[Dc4B2z\Z/]]>
              </value>
            </param>
            <param index="2">
              <value>
                <![CDATA[Apple Estates]]>
              </value>
            </param>
            <param index="3">
              <value>
                <![CDATA[Standard]]>
              </value>
            </param>
            <param index="4">
              <value>
                <![CDATA[Test for Automation]]>
              </value>
            </param>
            <param index="5">
              <value>
                <![CDATA[Test test]]>
              </value>
            </param>
            <param index="6">
              <value>
                <![CDATA[To be Determined During Qualify Sales Stage]]>
              </value>
            </param>
          </params>
          <reporter-output>
          </reporter-output>
        </test-method> <!-- login_SFDC -->
        <test-method is-config="true" signature="tearDown()[pri:0, instance:testCases.TC001_Login@34f7234e]" started-at="2024-12-06T21:56:12 IST" name="tearDown" finished-at="2024-12-06T21:56:13 IST" duration-ms="1768" status="PASS">
          <reporter-output>
          </reporter-output>
        </test-method> <!-- tearDown -->
      </class> <!-- testCases.TC001_Login -->
    </test> <!-- Test -->
  </suite> <!-- Master Suite -->
</testng-results>
