<?xml version="1.0" encoding="UTF-8"?>
<testng-results ignored="0" total="3" passed="3" failed="0" skipped="0">
  <reporter-output>
  </reporter-output>
  <suite started-at="2025-09-05T01:09:52 IST" name="Suite" finished-at="2025-09-05T01:12:38 IST" duration-ms="165630">
    <groups>
      <group name="Master">
        <method signature="tryLogic.verifyHappyPath(java.lang.String,java.lang.String,java.lang.String,java.lang.String,java.lang.String,java.lang.String,java.lang.String,java.lang.String,java.lang.String,java.lang.String)[pri:0, instance:testCases.tryLogic@4097cac]" name="verifyHappyPath" class="testCases.tryLogic"/>
      </group> <!-- Master -->
      <group name="Regression">
        <method signature="tryLogic.verifyHappyPath(java.lang.String,java.lang.String,java.lang.String,java.lang.String,java.lang.String,java.lang.String,java.lang.String,java.lang.String,java.lang.String,java.lang.String)[pri:0, instance:testCases.tryLogic@4097cac]" name="verifyHappyPath" class="testCases.tryLogic"/>
      </group> <!-- Regression -->
    </groups>
    <test started-at="2025-09-05T01:09:52 IST" name="Test" finished-at="2025-09-05T01:12:38 IST" duration-ms="165630">
      <class name="testCases.tryLogic">
        <test-method is-config="true" signature="setup(java.lang.String,java.lang.String)[pri:0, instance:testCases.tryLogic@4097cac]" started-at="2025-09-05T01:09:52 IST" name="setup" finished-at="2025-09-05T01:10:07 IST" duration-ms="14480" status="PASS">
          <params>
            <param index="0">
              <value>
                <![CDATA[Windows]]>
              </value>
            </param>
            <param index="1">
              <value>
                <![CDATA[chrome]]>
              </value>
            </param>
          </params>
          <reporter-output>
          </reporter-output>
        </test-method> <!-- setup -->
        <test-method signature="verifyHappyPath(java.lang.String,java.lang.String,java.lang.String,java.lang.String,java.lang.String,java.lang.String,java.lang.String,java.lang.String,java.lang.String,java.lang.String)[pri:0, instance:testCases.tryLogic@4097cac]" started-at="2025-09-05T01:10:10 IST" name="verifyHappyPath" data-provider="excelData" finished-at="2025-09-05T01:10:10 IST" duration-ms="228" status="PASS">
          <params>
            <param index="0">
              <value is-null="true"/>
            </param>
            <param index="1">
              <value is-null="true"/>
            </param>
            <param index="2">
              <value is-null="true"/>
            </param>
            <param index="3">
              <value is-null="true"/>
            </param>
            <param index="4">
              <value is-null="true"/>
            </param>
            <param index="5">
              <value is-null="true"/>
            </param>
            <param index="6">
              <value is-null="true"/>
            </param>
            <param index="7">
              <value is-null="true"/>
            </param>
            <param index="8">
              <value is-null="true"/>
            </param>
            <param index="9">
              <value is-null="true"/>
            </param>
          </params>
          <reporter-output>
          </reporter-output>
        </test-method> <!-- verifyHappyPath -->
        <test-method signature="verifyHappyPath(java.lang.String,java.lang.String,java.lang.String,java.lang.String,java.lang.String,java.lang.String,java.lang.String,java.lang.String,java.lang.String,java.lang.String)[pri:0, instance:testCases.tryLogic@4097cac]" started-at="2025-09-05T01:10:10 IST" name="verifyHappyPath" data-provider="excelData" finished-at="2025-09-05T01:10:10 IST" duration-ms="66" status="PASS">
          <params>
            <param index="0">
              <value is-null="true"/>
            </param>
            <param index="1">
              <value is-null="true"/>
            </param>
            <param index="2">
              <value is-null="true"/>
            </param>
            <param index="3">
              <value is-null="true"/>
            </param>
            <param index="4">
              <value is-null="true"/>
            </param>
            <param index="5">
              <value is-null="true"/>
            </param>
            <param index="6">
              <value is-null="true"/>
            </param>
            <param index="7">
              <value is-null="true"/>
            </param>
            <param index="8">
              <value is-null="true"/>
            </param>
            <param index="9">
              <value is-null="true"/>
            </param>
          </params>
          <reporter-output>
          </reporter-output>
        </test-method> <!-- verifyHappyPath -->
        <test-method signature="verifyHappyPath(java.lang.String,java.lang.String,java.lang.String,java.lang.String,java.lang.String,java.lang.String,java.lang.String,java.lang.String,java.lang.String,java.lang.String)[pri:0, instance:testCases.tryLogic@4097cac]" started-at="2025-09-05T01:10:10 IST" name="verifyHappyPath" data-provider="excelData" finished-at="2025-09-05T01:12:35 IST" duration-ms="145247" status="PASS">
          <params>
            <param index="0">
              <value>
                <![CDATA[APPTESTMBOB4@netapp.com]]>
              </value>
            </param>
            <param index="1">
              <value>
                <![CDATA[Apple Inc.]]>
              </value>
            </param>
            <param index="2">
              <value>
                <![CDATA[Standard]]>
              </value>
            </param>
            <param index="3">
              <value>
                <![CDATA[Test Automation]]>
              </value>
            </param>
            <param index="4">
              <value>
                <![CDATA[Amit Jain]]>
              </value>
            </param>
            <param index="5">
              <value>
                <![CDATA[To be Determined During Qualify Sales Stage]]>
              </value>
            </param>
            <param index="6">
              <value>
                <![CDATA[Up-sell/Cross-sell]]>
              </value>
            </param>
            <param index="7">
              <value>
                <![CDATA[None]]>
              </value>
            </param>
            <param index="8">
              <value>
                <![CDATA[USD - U.S. Dollar]]>
              </value>
            </param>
            <param index="9">
              <value>
                <![CDATA[Direct]]>
              </value>
            </param>
          </params>
          <reporter-output>
          </reporter-output>
        </test-method> <!-- verifyHappyPath -->
        <test-method is-config="true" signature="tearDown()[pri:0, instance:testCases.tryLogic@4097cac]" started-at="2025-09-05T01:12:35 IST" name="tearDown" finished-at="2025-09-05T01:12:38 IST" duration-ms="2362" status="PASS">
          <reporter-output>
          </reporter-output>
        </test-method> <!-- tearDown -->
      </class> <!-- testCases.tryLogic -->
    </test> <!-- Test -->
  </suite> <!-- Suite -->
</testng-results>
